==116395== Memcheck, a memory error detector
==116395== Copyright (C) 2002-2022, and GNU GPL'd, by Julian Seward et al.
==116395== Using Valgrind-3.19.0 and LibVEX; rerun with -h for copyright info
==116395== Command: ./src/state_machine/bin/state_machine
==116395== Parent PID: 116273
==116395== 
==116395== Warning: invalid file descriptor -1 in syscall read()
==116395== 
==116395== Process terminating with default action of signal 1 (SIGHUP)
==116395==    at 0x4ACDC9C: __libc_write (write.c:26)
==116395==    by 0x4ACDC9C: write (write.c:24)
==116395==    by 0x4A698BB: _IO_file_write@@GLIBC_2.17 (fileops.c:1180)
==116395==    by 0x4A68CBB: new_do_write (fileops.c:448)
==116395==    by 0x4A6A90F: _IO_do_write@@GLIBC_2.17 (fileops.c:425)
==116395==    by 0x4A69F27: _IO_new_file_xsputn (fileops.c:1243)
==116395==    by 0x4A69F27: _IO_file_xsputn@@GLIBC_2.17 (fileops.c:1196)
==116395==    by 0x4A45BF7: outstring_func (vfprintf-internal.c:239)
==116395==    by 0x4A45BF7: __vfprintf_internal (vfprintf-internal.c:1096)
==116395==    by 0x4A3D077: printf (printf.c:33)
==116395==    by 0x125813: publish_state_event (in /home/vito/smartmower/src/state_machine/bin/state_machine)
==116395==    by 0x1224FF: state_machine_handle_event (in /home/vito/smartmower/src/state_machine/bin/state_machine)
==116395==    by 0x12974B: error_state_on_update.part.0 (in /home/vito/smartmower/src/state_machine/bin/state_machine)
==116395==    by 0x1221E7: state_machine_update (in /home/vito/smartmower/src/state_machine/bin/state_machine)
==116395==    by 0x121DC3: main (in /home/vito/smartmower/src/state_machine/bin/state_machine)
==116395== 
==116395== HEAP SUMMARY:
==116395==     in use at exit: 1,122,079 bytes in 12,883 blocks
==116395==   total heap usage: 101,495 allocs, 88,612 frees, 10,299,858 bytes allocated
==116395== 
==116395== 5 bytes in 1 blocks are still reachable in loss record 1 of 85
==116395==    at 0x48850C8: malloc (vg_replace_malloc.c:381)
==116395==    by 0x4A88B2F: strdup (strdup.c:42)
==116395==    by 0x491653F: json_object_object_add_ex (in /usr/lib/aarch64-linux-gnu/libjson-c.so.5.2.0)
==116395==    by 0x12570B: publish_state_event (in /home/vito/smartmower/src/state_machine/bin/state_machine)
==116395==    by 0x1224FF: state_machine_handle_event (in /home/vito/smartmower/src/state_machine/bin/state_machine)
==116395==    by 0x12974B: error_state_on_update.part.0 (in /home/vito/smartmower/src/state_machine/bin/state_machine)
==116395==    by 0x1221E7: state_machine_update (in /home/vito/smartmower/src/state_machine/bin/state_machine)
==116395==    by 0x121DC3: main (in /home/vito/smartmower/src/state_machine/bin/state_machine)
==116395== 
==116395== 6 bytes in 1 blocks are still reachable in loss record 2 of 85
==116395==    at 0x48850C8: malloc (vg_replace_malloc.c:381)
==116395==    by 0x1237D3: json_strdup (in /home/vito/smartmower/src/state_machine/bin/state_machine)
==116395==    by 0x123B3F: config_load (in /home/vito/smartmower/src/state_machine/bin/state_machine)
==116395==    by 0x121D07: main (in /home/vito/smartmower/src/state_machine/bin/state_machine)
==116395== 
==116395== 6 bytes in 1 blocks are still reachable in loss record 3 of 85
==116395==    at 0x48850C8: malloc (vg_replace_malloc.c:381)
==116395==    by 0x1237D3: json_strdup (in /home/vito/smartmower/src/state_machine/bin/state_machine)
==116395==    by 0x123B87: config_load (in /home/vito/smartmower/src/state_machine/bin/state_machine)
==116395==    by 0x121D07: main (in /home/vito/smartmower/src/state_machine/bin/state_machine)
==116395== 
==116395== 6 bytes in 1 blocks are still reachable in loss record 4 of 85
==116395==    at 0x48850C8: malloc (vg_replace_malloc.c:381)
==116395==    by 0x4A88B2F: strdup (strdup.c:42)
==116395==    by 0x48DBE4B: mosquitto_username_pw_set (in /usr/lib/aarch64-linux-gnu/libmosquitto.so.2.0.11)
==116395==    by 0x1234CB: init_mqtt_connection (in /home/vito/smartmower/src/state_machine/bin/state_machine)
==116395==    by 0x121D73: main (in /home/vito/smartmower/src/state_machine/bin/state_machine)
==116395== 
==116395== 6 bytes in 1 blocks are still reachable in loss record 5 of 85
==116395==    at 0x48850C8: malloc (vg_replace_malloc.c:381)
==116395==    by 0x4A88B2F: strdup (strdup.c:42)
==116395==    by 0x48DBE5F: mosquitto_username_pw_set (in /usr/lib/aarch64-linux-gnu/libmosquitto.so.2.0.11)
==116395==    by 0x1234CB: init_mqtt_connection (in /home/vito/smartmower/src/state_machine/bin/state_machine)
==116395==    by 0x121D73: main (in /home/vito/smartmower/src/state_machine/bin/state_machine)
==116395== 
==116395== 10 bytes in 1 blocks are still reachable in loss record 6 of 85
==116395==    at 0x48850C8: malloc (vg_replace_malloc.c:381)
==116395==    by 0x1237D3: json_strdup (in /home/vito/smartmower/src/state_machine/bin/state_machine)
==116395==    by 0x123A67: config_load (in /home/vito/smartmower/src/state_machine/bin/state_machine)
==116395==    by 0x121D07: main (in /home/vito/smartmower/src/state_machine/bin/state_machine)
==116395== 
==116395== 10 bytes in 1 blocks are still reachable in loss record 7 of 85
==116395==    at 0x48850C8: malloc (vg_replace_malloc.c:381)
==116395==    by 0x4A88B2F: strdup (strdup.c:42)
==116395==    by 0x48D6493: ??? (in /usr/lib/aarch64-linux-gnu/libmosquitto.so.2.0.11)
==116395==    by 0x48D684F: mosquitto_connect_bind_v5 (in /usr/lib/aarch64-linux-gnu/libmosquitto.so.2.0.11)
==116395==    by 0x12355B: init_mqtt_connection (in /home/vito/smartmower/src/state_machine/bin/state_machine)
==116395==    by 0x121D73: main (in /home/vito/smartmower/src/state_machine/bin/state_machine)
==116395== 
==116395== 10 bytes in 1 blocks are still reachable in loss record 8 of 85
==116395==    at 0x48850C8: malloc (vg_replace_malloc.c:381)
==116395==    by 0x4A88B2F: strdup (strdup.c:42)
==116395==    by 0x491653F: json_object_object_add_ex (in /usr/lib/aarch64-linux-gnu/libjson-c.so.5.2.0)
==116395==    by 0x12572B: publish_state_event (in /home/vito/smartmower/src/state_machine/bin/state_machine)
==116395==    by 0x1224FF: state_machine_handle_event (in /home/vito/smartmower/src/state_machine/bin/state_machine)
==116395==    by 0x12974B: error_state_on_update.part.0 (in /home/vito/smartmower/src/state_machine/bin/state_machine)
==116395==    by 0x1221E7: state_machine_update (in /home/vito/smartmower/src/state_machine/bin/state_machine)
==116395==    by 0x121DC3: main (in /home/vito/smartmower/src/state_machine/bin/state_machine)
==116395== 
==116395== 11 bytes in 1 blocks are still reachable in loss record 9 of 85
==116395==    at 0x48850C8: malloc (vg_replace_malloc.c:381)
==116395==    by 0x4A88B2F: strdup (strdup.c:42)
==116395==    by 0x491653F: json_object_object_add_ex (in /usr/lib/aarch64-linux-gnu/libjson-c.so.5.2.0)
==116395==    by 0x12577B: publish_state_event (in /home/vito/smartmower/src/state_machine/bin/state_machine)
==116395==    by 0x1224FF: state_machine_handle_event (in /home/vito/smartmower/src/state_machine/bin/state_machine)
==116395==    by 0x12974B: error_state_on_update.part.0 (in /home/vito/smartmower/src/state_machine/bin/state_machine)
==116395==    by 0x1221E7: state_machine_update (in /home/vito/smartmower/src/state_machine/bin/state_machine)
==116395==    by 0x121DC3: main (in /home/vito/smartmower/src/state_machine/bin/state_machine)
==116395== 
==116395== 11 bytes in 1 blocks are still reachable in loss record 10 of 85
==116395==    at 0x48850C8: malloc (vg_replace_malloc.c:381)
==116395==    by 0x4A88B2F: strdup (strdup.c:42)
==116395==    by 0x491653F: json_object_object_add_ex (in /usr/lib/aarch64-linux-gnu/libjson-c.so.5.2.0)
==116395==    by 0x1257A3: publish_state_event (in /home/vito/smartmower/src/state_machine/bin/state_machine)
==116395==    by 0x1224FF: state_machine_handle_event (in /home/vito/smartmower/src/state_machine/bin/state_machine)
==116395==    by 0x12974B: error_state_on_update.part.0 (in /home/vito/smartmower/src/state_machine/bin/state_machine)
==116395==    by 0x1221E7: state_machine_update (in /home/vito/smartmower/src/state_machine/bin/state_machine)
==116395==    by 0x121DC3: main (in /home/vito/smartmower/src/state_machine/bin/state_machine)
==116395== 
==116395== 14 bytes in 1 blocks are still reachable in loss record 11 of 85
==116395==    at 0x48850C8: malloc (vg_replace_malloc.c:381)
==116395==    by 0x4A88B2F: strdup (strdup.c:42)
==116395==    by 0x491653F: json_object_object_add_ex (in /usr/lib/aarch64-linux-gnu/libjson-c.so.5.2.0)
==116395==    by 0x12574F: publish_state_event (in /home/vito/smartmower/src/state_machine/bin/state_machine)
==116395==    by 0x1224FF: state_machine_handle_event (in /home/vito/smartmower/src/state_machine/bin/state_machine)
==116395==    by 0x12974B: error_state_on_update.part.0 (in /home/vito/smartmower/src/state_machine/bin/state_machine)
==116395==    by 0x1221E7: state_machine_update (in /home/vito/smartmower/src/state_machine/bin/state_machine)
==116395==    by 0x121DC3: main (in /home/vito/smartmower/src/state_machine/bin/state_machine)
==116395== 
==116395== 15 bytes in 1 blocks are still reachable in loss record 12 of 85
==116395==    at 0x48850C8: malloc (vg_replace_malloc.c:381)
==116395==    by 0x4A88B2F: strdup (strdup.c:42)
==116395==    by 0x4A9D633: tzset_internal (tzset.c:402)
==116395==    by 0x4A9D8BB: __tz_convert (tzset.c:577)
==116395==    by 0x12516B: log_state_message.part.0 (in /home/vito/smartmower/src/state_machine/bin/state_machine)
==116395==    by 0x1293D7: error_state_on_event (in /home/vito/smartmower/src/state_machine/bin/state_machine)
==116395==    by 0x12255F: state_machine_handle_event (in /home/vito/smartmower/src/state_machine/bin/state_machine)
==116395==    by 0x12974B: error_state_on_update.part.0 (in /home/vito/smartmower/src/state_machine/bin/state_machine)
==116395==    by 0x1221E7: state_machine_update (in /home/vito/smartmower/src/state_machine/bin/state_machine)
==116395==    by 0x121DC3: main (in /home/vito/smartmower/src/state_machine/bin/state_machine)
==116395== 
==116395== 16 bytes in 1 blocks are still reachable in loss record 13 of 85
==116395==    at 0x4889F94: calloc (vg_replace_malloc.c:1328)
==116395==    by 0x491BD47: printbuf_new (in /usr/lib/aarch64-linux-gnu/libjson-c.so.5.2.0)
==116395==    by 0x491601B: json_object_to_json_string_length (in /usr/lib/aarch64-linux-gnu/libjson-c.so.5.2.0)
==116395==    by 0x1257AB: publish_state_event (in /home/vito/smartmower/src/state_machine/bin/state_machine)
==116395==    by 0x1224FF: state_machine_handle_event (in /home/vito/smartmower/src/state_machine/bin/state_machine)
==116395==    by 0x12974B: error_state_on_update.part.0 (in /home/vito/smartmower/src/state_machine/bin/state_machine)
==116395==    by 0x1221E7: state_machine_update (in /home/vito/smartmower/src/state_machine/bin/state_machine)
==116395==    by 0x121DC3: main (in /home/vito/smartmower/src/state_machine/bin/state_machine)
==116395== 
==116395== 20 bytes in 1 blocks are still reachable in loss record 14 of 85
==116395==    at 0x48850C8: malloc (vg_replace_malloc.c:381)
==116395==    by 0x4A9CC9F: __tzstring_len (tzset.c:98)
==116395==    by 0x4A9E3C7: __tzfile_read (tzfile.c:412)
==116395==    by 0x4A9D64B: tzset_internal (tzset.c:405)
==116395==    by 0x4A9D8BB: __tz_convert (tzset.c:577)
==116395==    by 0x12516B: log_state_message.part.0 (in /home/vito/smartmower/src/state_machine/bin/state_machine)
==116395==    by 0x1262EF: init_state_on_enter (in /home/vito/smartmower/src/state_machine/bin/state_machine)
==116395==    by 0x121D93: main (in /home/vito/smartmower/src/state_machine/bin/state_machine)
==116395== 
==116395== 21 bytes in 1 blocks are still reachable in loss record 15 of 85
==116395==    at 0x48850C8: malloc (vg_replace_malloc.c:381)
==116395==    by 0x4A88B2F: strdup (strdup.c:42)
==116395==    by 0x48DA1E7: mosquitto_reinitialise (in /usr/lib/aarch64-linux-gnu/libmosquitto.so.2.0.11)
==116395==    by 0x48DA407: mosquitto_new (in /usr/lib/aarch64-linux-gnu/libmosquitto.so.2.0.11)
==116395==    by 0x12347F: init_mqtt_connection (in /home/vito/smartmower/src/state_machine/bin/state_machine)
==116395==    by 0x121D73: main (in /home/vito/smartmower/src/state_machine/bin/state_machine)
==116395== 
==116395== 22 bytes in 1 blocks are still reachable in loss record 16 of 85
==116395==    at 0x48850C8: malloc (vg_replace_malloc.c:381)
==116395==    by 0x12463B: config_load (in /home/vito/smartmower/src/state_machine/bin/state_machine)
==116395==    by 0x121D07: main (in /home/vito/smartmower/src/state_machine/bin/state_machine)
==116395== 
==116395== 24 bytes in 1 blocks are still reachable in loss record 17 of 85
==116395==    at 0x48850C8: malloc (vg_replace_malloc.c:381)
==116395==    by 0x4A88B2F: strdup (strdup.c:42)
==116395==    by 0x48D5A27: mosquitto_publish_v5 (in /usr/lib/aarch64-linux-gnu/libmosquitto.so.2.0.11)
==116395==    by 0x1257FF: publish_state_event (in /home/vito/smartmower/src/state_machine/bin/state_machine)
==116395==    by 0x1224FF: state_machine_handle_event (in /home/vito/smartmower/src/state_machine/bin/state_machine)
==116395==    by 0x126413: init_state_on_update (in /home/vito/smartmower/src/state_machine/bin/state_machine)
==116395==    by 0x1221E7: state_machine_update (in /home/vito/smartmower/src/state_machine/bin/state_machine)
==116395==    by 0x121DC3: main (in /home/vito/smartmower/src/state_machine/bin/state_machine)
==116395== 
==116395== 24 bytes in 1 blocks are still reachable in loss record 18 of 85
==116395==    at 0x48850C8: malloc (vg_replace_malloc.c:381)
==116395==    by 0x4A88B2F: strdup (strdup.c:42)
==116395==    by 0x48D5A27: mosquitto_publish_v5 (in /usr/lib/aarch64-linux-gnu/libmosquitto.so.2.0.11)
==116395==    by 0x1257FF: publish_state_event (in /home/vito/smartmower/src/state_machine/bin/state_machine)
==116395==    by 0x12603B: init_state_on_event (in /home/vito/smartmower/src/state_machine/bin/state_machine)
==116395==    by 0x12255F: state_machine_handle_event (in /home/vito/smartmower/src/state_machine/bin/state_machine)
==116395==    by 0x126413: init_state_on_update (in /home/vito/smartmower/src/state_machine/bin/state_machine)
==116395==    by 0x1221E7: state_machine_update (in /home/vito/smartmower/src/state_machine/bin/state_machine)
==116395==    by 0x121DC3: main (in /home/vito/smartmower/src/state_machine/bin/state_machine)
==116395== 
==116395== 25 bytes in 1 blocks are still reachable in loss record 19 of 85
==116395==    at 0x48850C8: malloc (vg_replace_malloc.c:381)
==116395==    by 0x4A88B2F: strdup (strdup.c:42)
==116395==    by 0x48D5A27: mosquitto_publish_v5 (in /usr/lib/aarch64-linux-gnu/libmosquitto.so.2.0.11)
==116395==    by 0x12549F: publish_state_change (in /home/vito/smartmower/src/state_machine/bin/state_machine)
==116395==    by 0x121D93: main (in /home/vito/smartmower/src/state_machine/bin/state_machine)
==116395== 
==116395== 25 bytes in 1 blocks are still reachable in loss record 20 of 85
==116395==    at 0x48850C8: malloc (vg_replace_malloc.c:381)
==116395==    by 0x4A88B2F: strdup (strdup.c:42)
==116395==    by 0x48D5A27: mosquitto_publish_v5 (in /usr/lib/aarch64-linux-gnu/libmosquitto.so.2.0.11)
==116395==    by 0x12549F: publish_state_change (in /home/vito/smartmower/src/state_machine/bin/state_machine)
==116395==    by 0x12608F: init_state_on_event (in /home/vito/smartmower/src/state_machine/bin/state_machine)
==116395==    by 0x12255F: state_machine_handle_event (in /home/vito/smartmower/src/state_machine/bin/state_machine)
==116395==    by 0x126413: init_state_on_update (in /home/vito/smartmower/src/state_machine/bin/state_machine)
==116395==    by 0x1221E7: state_machine_update (in /home/vito/smartmower/src/state_machine/bin/state_machine)
==116395==    by 0x121DC3: main (in /home/vito/smartmower/src/state_machine/bin/state_machine)
==116395== 
==116395== 25 bytes in 1 blocks are still reachable in loss record 21 of 85
==116395==    at 0x48850C8: malloc (vg_replace_malloc.c:381)
==116395==    by 0x4A88B2F: strdup (strdup.c:42)
==116395==    by 0x48D5A27: mosquitto_publish_v5 (in /usr/lib/aarch64-linux-gnu/libmosquitto.so.2.0.11)
==116395==    by 0x12549F: publish_state_change (in /home/vito/smartmower/src/state_machine/bin/state_machine)
==116395==    by 0x122103: state_machine_transition (in /home/vito/smartmower/src/state_machine/bin/state_machine)
==116395==    by 0x12255F: state_machine_handle_event (in /home/vito/smartmower/src/state_machine/bin/state_machine)
==116395==    by 0x126413: init_state_on_update (in /home/vito/smartmower/src/state_machine/bin/state_machine)
==116395==    by 0x1221E7: state_machine_update (in /home/vito/smartmower/src/state_machine/bin/state_machine)
==116395==    by 0x121DC3: main (in /home/vito/smartmower/src/state_machine/bin/state_machine)
==116395== 
==116395== 25 bytes in 1 blocks are still reachable in loss record 22 of 85
==116395==    at 0x48850C8: malloc (vg_replace_malloc.c:381)
==116395==    by 0x4A88B2F: strdup (strdup.c:42)
==116395==    by 0x48D5A27: mosquitto_publish_v5 (in /usr/lib/aarch64-linux-gnu/libmosquitto.so.2.0.11)
==116395==    by 0x12549F: publish_state_change (in /home/vito/smartmower/src/state_machine/bin/state_machine)
==116395==    by 0x1295E3: error_state_on_enter.part.0 (in /home/vito/smartmower/src/state_machine/bin/state_machine)
==116395==    by 0x12212B: state_machine_transition (in /home/vito/smartmower/src/state_machine/bin/state_machine)
==116395==    by 0x12255F: state_machine_handle_event (in /home/vito/smartmower/src/state_machine/bin/state_machine)
==116395==    by 0x126413: init_state_on_update (in /home/vito/smartmower/src/state_machine/bin/state_machine)
==116395==    by 0x1221E7: state_machine_update (in /home/vito/smartmower/src/state_machine/bin/state_machine)
==116395==    by 0x121DC3: main (in /home/vito/smartmower/src/state_machine/bin/state_machine)
==116395== 
==116395== 25 bytes in 1 blocks are still reachable in loss record 23 of 85
==116395==    at 0x48850C8: malloc (vg_replace_malloc.c:381)
==116395==    by 0x4A88B2F: strdup (strdup.c:42)
==116395==    by 0x48D5A27: mosquitto_publish_v5 (in /usr/lib/aarch64-linux-gnu/libmosquitto.so.2.0.11)
==116395==    by 0x12549F: publish_state_change (in /home/vito/smartmower/src/state_machine/bin/state_machine)
==116395==    by 0x12255F: state_machine_handle_event (in /home/vito/smartmower/src/state_machine/bin/state_machine)
==116395==    by 0x126413: init_state_on_update (in /home/vito/smartmower/src/state_machine/bin/state_machine)
==116395==    by 0x1221E7: state_machine_update (in /home/vito/smartmower/src/state_machine/bin/state_machine)
==116395==    by 0x121DC3: main (in /home/vito/smartmower/src/state_machine/bin/state_machine)
==116395== 
==116395== 26 bytes in 1 blocks are still reachable in loss record 24 of 85
==116395==    at 0x48850C8: malloc (vg_replace_malloc.c:381)
==116395==    by 0x4A88B2F: strdup (strdup.c:42)
==116395==    by 0x48D5A27: mosquitto_publish_v5 (in /usr/lib/aarch64-linux-gnu/libmosquitto.so.2.0.11)
==116395==    by 0x1259E3: send_robot_command (in /home/vito/smartmower/src/state_machine/bin/state_machine)
==116395==    by 0x12631B: init_state_on_enter (in /home/vito/smartmower/src/state_machine/bin/state_machine)
==116395==    by 0x121D93: main (in /home/vito/smartmower/src/state_machine/bin/state_machine)
==116395== 
==116395== 26 bytes in 1 blocks are still reachable in loss record 25 of 85
==116395==    at 0x48850C8: malloc (vg_replace_malloc.c:381)
==116395==    by 0x4A88B2F: strdup (strdup.c:42)
==116395==    by 0x48D5A27: mosquitto_publish_v5 (in /usr/lib/aarch64-linux-gnu/libmosquitto.so.2.0.11)
==116395==    by 0x1259E3: send_robot_command (in /home/vito/smartmower/src/state_machine/bin/state_machine)
==116395==    by 0x12950F: error_state_on_enter.part.0 (in /home/vito/smartmower/src/state_machine/bin/state_machine)
==116395==    by 0x12212B: state_machine_transition (in /home/vito/smartmower/src/state_machine/bin/state_machine)
==116395==    by 0x12255F: state_machine_handle_event (in /home/vito/smartmower/src/state_machine/bin/state_machine)
==116395==    by 0x126413: init_state_on_update (in /home/vito/smartmower/src/state_machine/bin/state_machine)
==116395==    by 0x1221E7: state_machine_update (in /home/vito/smartmower/src/state_machine/bin/state_machine)
==116395==    by 0x121DC3: main (in /home/vito/smartmower/src/state_machine/bin/state_machine)
==116395== 
==116395== 26 bytes in 1 blocks are still reachable in loss record 26 of 85
==116395==    at 0x48850C8: malloc (vg_replace_malloc.c:381)
==116395==    by 0x4A88B2F: strdup (strdup.c:42)
==116395==    by 0x48D5A27: mosquitto_publish_v5 (in /usr/lib/aarch64-linux-gnu/libmosquitto.so.2.0.11)
==116395==    by 0x1259E3: send_robot_command (in /home/vito/smartmower/src/state_machine/bin/state_machine)
==116395==    by 0x12954F: error_state_on_enter.part.0 (in /home/vito/smartmower/src/state_machine/bin/state_machine)
==116395==    by 0x12212B: state_machine_transition (in /home/vito/smartmower/src/state_machine/bin/state_machine)
==116395==    by 0x12255F: state_machine_handle_event (in /home/vito/smartmower/src/state_machine/bin/state_machine)
==116395==    by 0x126413: init_state_on_update (in /home/vito/smartmower/src/state_machine/bin/state_machine)
==116395==    by 0x1221E7: state_machine_update (in /home/vito/smartmower/src/state_machine/bin/state_machine)
==116395==    by 0x121DC3: main (in /home/vito/smartmower/src/state_machine/bin/state_machine)
==116395== 
==116395== 26 bytes in 1 blocks are still reachable in loss record 27 of 85
==116395==    at 0x48850C8: malloc (vg_replace_malloc.c:381)
==116395==    by 0x4A88B2F: strdup (strdup.c:42)
==116395==    by 0x48D5A27: mosquitto_publish_v5 (in /usr/lib/aarch64-linux-gnu/libmosquitto.so.2.0.11)
==116395==    by 0x1259E3: send_robot_command (in /home/vito/smartmower/src/state_machine/bin/state_machine)
==116395==    by 0x12956B: error_state_on_enter.part.0 (in /home/vito/smartmower/src/state_machine/bin/state_machine)
==116395==    by 0x12212B: state_machine_transition (in /home/vito/smartmower/src/state_machine/bin/state_machine)
==116395==    by 0x12255F: state_machine_handle_event (in /home/vito/smartmower/src/state_machine/bin/state_machine)
==116395==    by 0x126413: init_state_on_update (in /home/vito/smartmower/src/state_machine/bin/state_machine)
==116395==    by 0x1221E7: state_machine_update (in /home/vito/smartmower/src/state_machine/bin/state_machine)
==116395==    by 0x121DC3: main (in /home/vito/smartmower/src/state_machine/bin/state_machine)
==116395== 
==116395== 26 bytes in 1 blocks are still reachable in loss record 28 of 85
==116395==    at 0x48850C8: malloc (vg_replace_malloc.c:381)
==116395==    by 0x4A88B2F: strdup (strdup.c:42)
==116395==    by 0x48D5A27: mosquitto_publish_v5 (in /usr/lib/aarch64-linux-gnu/libmosquitto.so.2.0.11)
==116395==    by 0x1259E3: send_robot_command (in /home/vito/smartmower/src/state_machine/bin/state_machine)
==116395==    by 0x129977: error_state_on_update.part.0 (in /home/vito/smartmower/src/state_machine/bin/state_machine)
==116395==    by 0x1221E7: state_machine_update (in /home/vito/smartmower/src/state_machine/bin/state_machine)
==116395==    by 0x121DC3: main (in /home/vito/smartmower/src/state_machine/bin/state_machine)
==116395== 
==116395== 29 bytes in 1 blocks are still reachable in loss record 29 of 85
==116395==    at 0x48850C8: malloc (vg_replace_malloc.c:381)
==116395==    by 0x4A88B2F: strdup (strdup.c:42)
==116395==    by 0x48D5A27: mosquitto_publish_v5 (in /usr/lib/aarch64-linux-gnu/libmosquitto.so.2.0.11)
==116395==    by 0x12566B: publish_state_transition (in /home/vito/smartmower/src/state_machine/bin/state_machine)
==116395==    by 0x1220EB: state_machine_transition (in /home/vito/smartmower/src/state_machine/bin/state_machine)
==116395==    by 0x12255F: state_machine_handle_event (in /home/vito/smartmower/src/state_machine/bin/state_machine)
==116395==    by 0x126413: init_state_on_update (in /home/vito/smartmower/src/state_machine/bin/state_machine)
==116395==    by 0x1221E7: state_machine_update (in /home/vito/smartmower/src/state_machine/bin/state_machine)
==116395==    by 0x121DC3: main (in /home/vito/smartmower/src/state_machine/bin/state_machine)
==116395== 
==116395== 32 bytes in 1 blocks are still reachable in loss record 30 of 85
==116395==    at 0x48850C8: malloc (vg_replace_malloc.c:381)
==116395==    by 0x4A8497F: __libc_dynarray_emplace_enlarge (dynarray_emplace_enlarge.c:61)
==116395==    by 0x4B03B23: resolv_conf_array_add__ (dynarray-skeleton.c:281)
==116395==    by 0x4B03B23: resolv_conf_array_add (dynarray-skeleton.c:309)
==116395==    by 0x4B03B23: __resolv_conf_attach (resolv_conf.c:604)
==116395==    by 0x4AFF64B: __res_vinit (res_init.c:632)
==116395==    by 0x4B03E1B: maybe_init (resolv_context.c:122)
==116395==    by 0x4B03FAF: context_get (resolv_context.c:184)
==116395==    by 0x4B03FAF: context_get (resolv_context.c:176)
==116395==    by 0x4B03FAF: __resolv_context_get (resolv_context.c:195)
==116395==    by 0x4AC67A7: get_nss_addresses (getaddrinfo.c:617)
==116395==    by 0x4AC67A7: gaih_inet (getaddrinfo.c:1179)
==116395==    by 0x4AC67A7: getaddrinfo (getaddrinfo.c:2398)
==116395==    by 0x48DB8FF: ??? (in /usr/lib/aarch64-linux-gnu/libmosquitto.so.2.0.11)
==116395==    by 0x48DBB73: ??? (in /usr/lib/aarch64-linux-gnu/libmosquitto.so.2.0.11)
==116395==    by 0x48D675F: ??? (in /usr/lib/aarch64-linux-gnu/libmosquitto.so.2.0.11)
==116395==    by 0x1234F7: init_mqtt_connection (in /home/vito/smartmower/src/state_machine/bin/state_machine)
==116395==    by 0x121D73: main (in /home/vito/smartmower/src/state_machine/bin/state_machine)
==116395== 
==116395== 48 bytes in 1 blocks are still reachable in loss record 31 of 85
==116395==    at 0x48850C8: malloc (vg_replace_malloc.c:381)
==116395==    by 0x4916083: json_object_new_object (in /usr/lib/aarch64-linux-gnu/libjson-c.so.5.2.0)
==116395==    by 0x1256E7: publish_state_event (in /home/vito/smartmower/src/state_machine/bin/state_machine)
==116395==    by 0x1224FF: state_machine_handle_event (in /home/vito/smartmower/src/state_machine/bin/state_machine)
==116395==    by 0x12974B: error_state_on_update.part.0 (in /home/vito/smartmower/src/state_machine/bin/state_machine)
==116395==    by 0x1221E7: state_machine_update (in /home/vito/smartmower/src/state_machine/bin/state_machine)
==116395==    by 0x121DC3: main (in /home/vito/smartmower/src/state_machine/bin/state_machine)
==116395== 
==116395== 56 bytes in 1 blocks are still reachable in loss record 32 of 85
==116395==    at 0x4889F94: calloc (vg_replace_malloc.c:1328)
==116395==    by 0x491B6B7: lh_table_new (in /usr/lib/aarch64-linux-gnu/libjson-c.so.5.2.0)
==116395==    by 0x49160BB: json_object_new_object (in /usr/lib/aarch64-linux-gnu/libjson-c.so.5.2.0)
==116395==    by 0x1256E7: publish_state_event (in /home/vito/smartmower/src/state_machine/bin/state_machine)
==116395==    by 0x1224FF: state_machine_handle_event (in /home/vito/smartmower/src/state_machine/bin/state_machine)
==116395==    by 0x12974B: error_state_on_update.part.0 (in /home/vito/smartmower/src/state_machine/bin/state_machine)
==116395==    by 0x1221E7: state_machine_update (in /home/vito/smartmower/src/state_machine/bin/state_machine)
==116395==    by 0x121DC3: main (in /home/vito/smartmower/src/state_machine/bin/state_machine)
==116395== 
==116395== 56 bytes in 1 blocks are still reachable in loss record 33 of 85
==116395==    at 0x48850C8: malloc (vg_replace_malloc.c:381)
==116395==    by 0x4916917: json_object_new_int64 (in /usr/lib/aarch64-linux-gnu/libjson-c.so.5.2.0)
==116395==    by 0x125717: publish_state_event (in /home/vito/smartmower/src/state_machine/bin/state_machine)
==116395==    by 0x1224FF: state_machine_handle_event (in /home/vito/smartmower/src/state_machine/bin/state_machine)
==116395==    by 0x12974B: error_state_on_update.part.0 (in /home/vito/smartmower/src/state_machine/bin/state_machine)
==116395==    by 0x1221E7: state_machine_update (in /home/vito/smartmower/src/state_machine/bin/state_machine)
==116395==    by 0x121DC3: main (in /home/vito/smartmower/src/state_machine/bin/state_machine)
==116395== 
==116395== 57 bytes in 1 blocks are still reachable in loss record 34 of 85
==116395==    at 0x48850C8: malloc (vg_replace_malloc.c:381)
==116395==    by 0x491541B: ??? (in /usr/lib/aarch64-linux-gnu/libjson-c.so.5.2.0)
==116395==    by 0x12573B: publish_state_event (in /home/vito/smartmower/src/state_machine/bin/state_machine)
==116395==    by 0x1224FF: state_machine_handle_event (in /home/vito/smartmower/src/state_machine/bin/state_machine)
==116395==    by 0x12974B: error_state_on_update.part.0 (in /home/vito/smartmower/src/state_machine/bin/state_machine)
==116395==    by 0x1221E7: state_machine_update (in /home/vito/smartmower/src/state_machine/bin/state_machine)
==116395==    by 0x121DC3: main (in /home/vito/smartmower/src/state_machine/bin/state_machine)
==116395== 
==116395== 57 bytes in 1 blocks are still reachable in loss record 35 of 85
==116395==    at 0x48850C8: malloc (vg_replace_malloc.c:381)
==116395==    by 0x491541B: ??? (in /usr/lib/aarch64-linux-gnu/libjson-c.so.5.2.0)
==116395==    by 0x125767: publish_state_event (in /home/vito/smartmower/src/state_machine/bin/state_machine)
==116395==    by 0x1224FF: state_machine_handle_event (in /home/vito/smartmower/src/state_machine/bin/state_machine)
==116395==    by 0x12974B: error_state_on_update.part.0 (in /home/vito/smartmower/src/state_machine/bin/state_machine)
==116395==    by 0x1221E7: state_machine_update (in /home/vito/smartmower/src/state_machine/bin/state_machine)
==116395==    by 0x121DC3: main (in /home/vito/smartmower/src/state_machine/bin/state_machine)
==116395== 
==116395== 61 bytes in 1 blocks are still reachable in loss record 36 of 85
==116395==    at 0x48850C8: malloc (vg_replace_malloc.c:381)
==116395==    by 0x491541B: ??? (in /usr/lib/aarch64-linux-gnu/libjson-c.so.5.2.0)
==116395==    by 0x1256F7: publish_state_event (in /home/vito/smartmower/src/state_machine/bin/state_machine)
==116395==    by 0x1224FF: state_machine_handle_event (in /home/vito/smartmower/src/state_machine/bin/state_machine)
==116395==    by 0x12974B: error_state_on_update.part.0 (in /home/vito/smartmower/src/state_machine/bin/state_machine)
==116395==    by 0x1221E7: state_machine_update (in /home/vito/smartmower/src/state_machine/bin/state_machine)
==116395==    by 0x121DC3: main (in /home/vito/smartmower/src/state_machine/bin/state_machine)
==116395== 
==116395== 61 bytes in 3 blocks are still reachable in loss record 37 of 85
==116395==    at 0x48850C8: malloc (vg_replace_malloc.c:381)
==116395==    by 0x4A9CC53: __tzstring_len (tzset.c:98)
==116395==    by 0x4A9E3C7: __tzfile_read (tzfile.c:412)
==116395==    by 0x4A9D64B: tzset_internal (tzset.c:405)
==116395==    by 0x4A9D8BB: __tz_convert (tzset.c:577)
==116395==    by 0x12516B: log_state_message.part.0 (in /home/vito/smartmower/src/state_machine/bin/state_machine)
==116395==    by 0x1262EF: init_state_on_enter (in /home/vito/smartmower/src/state_machine/bin/state_machine)
==116395==    by 0x121D93: main (in /home/vito/smartmower/src/state_machine/bin/state_machine)
==116395== 
==116395== 64 bytes in 1 blocks are still reachable in loss record 38 of 85
==116395==    at 0x48850C8: malloc (vg_replace_malloc.c:381)
==116395==    by 0x4B07AE3: __nss_action_allocate (nss_action.c:90)
==116395==    by 0x4B0804F: __nss_action_parse (nss_action_parse.c:177)
==116395==    by 0x4B086D7: nss_database_select_default (nss_database.c:166)
==116395==    by 0x4B086D7: nss_database_reload (nss_database.c:368)
==116395==    by 0x4B086D7: nss_database_check_reload_and_get (nss_database.c:457)
==116395==    by 0x4AC6797: get_nss_addresses (getaddrinfo.c:611)
==116395==    by 0x4AC6797: gaih_inet (getaddrinfo.c:1179)
==116395==    by 0x4AC6797: getaddrinfo (getaddrinfo.c:2398)
==116395==    by 0x48DB8FF: ??? (in /usr/lib/aarch64-linux-gnu/libmosquitto.so.2.0.11)
==116395==    by 0x48DBB73: ??? (in /usr/lib/aarch64-linux-gnu/libmosquitto.so.2.0.11)
==116395==    by 0x48D675F: ??? (in /usr/lib/aarch64-linux-gnu/libmosquitto.so.2.0.11)
==116395==    by 0x1234F7: init_mqtt_connection (in /home/vito/smartmower/src/state_machine/bin/state_machine)
==116395==    by 0x121D73: main (in /home/vito/smartmower/src/state_machine/bin/state_machine)
==116395== 
==116395== 77 bytes in 1 blocks are still reachable in loss record 39 of 85
==116395==    at 0x48850C8: malloc (vg_replace_malloc.c:381)
==116395==    by 0x491541B: ??? (in /usr/lib/aarch64-linux-gnu/libjson-c.so.5.2.0)
==116395==    by 0x12578F: publish_state_event (in /home/vito/smartmower/src/state_machine/bin/state_machine)
==116395==    by 0x1224FF: state_machine_handle_event (in /home/vito/smartmower/src/state_machine/bin/state_machine)
==116395==    by 0x12974B: error_state_on_update.part.0 (in /home/vito/smartmower/src/state_machine/bin/state_machine)
==116395==    by 0x1221E7: state_machine_update (in /home/vito/smartmower/src/state_machine/bin/state_machine)
==116395==    by 0x121DC3: main (in /home/vito/smartmower/src/state_machine/bin/state_machine)
==116395== 
==116395== 88 bytes in 1 blocks are still reachable in loss record 40 of 85
==116395==    at 0x4889F94: calloc (vg_replace_malloc.c:1328)
==116395==    by 0x4B02D1F: get_locked_global (resolv_conf.c:94)
==116395==    by 0x4B02D1F: get_locked_global (resolv_conf.c:86)
==116395==    by 0x4B03127: __resolv_conf_get_current (resolv_conf.c:127)
==116395==    by 0x4AFF69B: __res_vinit (res_init.c:628)
==116395==    by 0x4B03E1B: maybe_init (resolv_context.c:122)
==116395==    by 0x4B03FAF: context_get (resolv_context.c:184)
==116395==    by 0x4B03FAF: context_get (resolv_context.c:176)
==116395==    by 0x4B03FAF: __resolv_context_get (resolv_context.c:195)
==116395==    by 0x4AC67A7: get_nss_addresses (getaddrinfo.c:617)
==116395==    by 0x4AC67A7: gaih_inet (getaddrinfo.c:1179)
==116395==    by 0x4AC67A7: getaddrinfo (getaddrinfo.c:2398)
==116395==    by 0x48DB8FF: ??? (in /usr/lib/aarch64-linux-gnu/libmosquitto.so.2.0.11)
==116395==    by 0x48DBB73: ??? (in /usr/lib/aarch64-linux-gnu/libmosquitto.so.2.0.11)
==116395==    by 0x48D675F: ??? (in /usr/lib/aarch64-linux-gnu/libmosquitto.so.2.0.11)
==116395==    by 0x1234F7: init_mqtt_connection (in /home/vito/smartmower/src/state_machine/bin/state_machine)
==116395==    by 0x121D73: main (in /home/vito/smartmower/src/state_machine/bin/state_machine)
==116395== 
==116395== 88 bytes in 1 blocks are still reachable in loss record 41 of 85
==116395==    at 0x4889F94: calloc (vg_replace_malloc.c:1328)
==116395==    by 0x48D59FB: mosquitto_publish_v5 (in /usr/lib/aarch64-linux-gnu/libmosquitto.so.2.0.11)
==116395==    by 0x1259E3: send_robot_command (in /home/vito/smartmower/src/state_machine/bin/state_machine)
==116395==    by 0x12631B: init_state_on_enter (in /home/vito/smartmower/src/state_machine/bin/state_machine)
==116395==    by 0x121D93: main (in /home/vito/smartmower/src/state_machine/bin/state_machine)
==116395== 
==116395== 88 bytes in 1 blocks are still reachable in loss record 42 of 85
==116395==    at 0x4889F94: calloc (vg_replace_malloc.c:1328)
==116395==    by 0x48D59FB: mosquitto_publish_v5 (in /usr/lib/aarch64-linux-gnu/libmosquitto.so.2.0.11)
==116395==    by 0x12549F: publish_state_change (in /home/vito/smartmower/src/state_machine/bin/state_machine)
==116395==    by 0x121D93: main (in /home/vito/smartmower/src/state_machine/bin/state_machine)
==116395== 
==116395== 88 bytes in 1 blocks are still reachable in loss record 43 of 85
==116395==    at 0x4889F94: calloc (vg_replace_malloc.c:1328)
==116395==    by 0x48D59FB: mosquitto_publish_v5 (in /usr/lib/aarch64-linux-gnu/libmosquitto.so.2.0.11)
==116395==    by 0x1257FF: publish_state_event (in /home/vito/smartmower/src/state_machine/bin/state_machine)
==116395==    by 0x1224FF: state_machine_handle_event (in /home/vito/smartmower/src/state_machine/bin/state_machine)
==116395==    by 0x126413: init_state_on_update (in /home/vito/smartmower/src/state_machine/bin/state_machine)
==116395==    by 0x1221E7: state_machine_update (in /home/vito/smartmower/src/state_machine/bin/state_machine)
==116395==    by 0x121DC3: main (in /home/vito/smartmower/src/state_machine/bin/state_machine)
==116395== 
==116395== 88 bytes in 1 blocks are still reachable in loss record 44 of 85
==116395==    at 0x4889F94: calloc (vg_replace_malloc.c:1328)
==116395==    by 0x48D59FB: mosquitto_publish_v5 (in /usr/lib/aarch64-linux-gnu/libmosquitto.so.2.0.11)
==116395==    by 0x1257FF: publish_state_event (in /home/vito/smartmower/src/state_machine/bin/state_machine)
==116395==    by 0x12603B: init_state_on_event (in /home/vito/smartmower/src/state_machine/bin/state_machine)
==116395==    by 0x12255F: state_machine_handle_event (in /home/vito/smartmower/src/state_machine/bin/state_machine)
==116395==    by 0x126413: init_state_on_update (in /home/vito/smartmower/src/state_machine/bin/state_machine)
==116395==    by 0x1221E7: state_machine_update (in /home/vito/smartmower/src/state_machine/bin/state_machine)
==116395==    by 0x121DC3: main (in /home/vito/smartmower/src/state_machine/bin/state_machine)
==116395== 
==116395== 88 bytes in 1 blocks are still reachable in loss record 45 of 85
==116395==    at 0x4889F94: calloc (vg_replace_malloc.c:1328)
==116395==    by 0x48D59FB: mosquitto_publish_v5 (in /usr/lib/aarch64-linux-gnu/libmosquitto.so.2.0.11)
==116395==    by 0x12549F: publish_state_change (in /home/vito/smartmower/src/state_machine/bin/state_machine)
==116395==    by 0x12608F: init_state_on_event (in /home/vito/smartmower/src/state_machine/bin/state_machine)
==116395==    by 0x12255F: state_machine_handle_event (in /home/vito/smartmower/src/state_machine/bin/state_machine)
==116395==    by 0x126413: init_state_on_update (in /home/vito/smartmower/src/state_machine/bin/state_machine)
==116395==    by 0x1221E7: state_machine_update (in /home/vito/smartmower/src/state_machine/bin/state_machine)
==116395==    by 0x121DC3: main (in /home/vito/smartmower/src/state_machine/bin/state_machine)
==116395== 
==116395== 88 bytes in 1 blocks are still reachable in loss record 46 of 85
==116395==    at 0x4889F94: calloc (vg_replace_malloc.c:1328)
==116395==    by 0x48D59FB: mosquitto_publish_v5 (in /usr/lib/aarch64-linux-gnu/libmosquitto.so.2.0.11)
==116395==    by 0x12566B: publish_state_transition (in /home/vito/smartmower/src/state_machine/bin/state_machine)
==116395==    by 0x1220EB: state_machine_transition (in /home/vito/smartmower/src/state_machine/bin/state_machine)
==116395==    by 0x12255F: state_machine_handle_event (in /home/vito/smartmower/src/state_machine/bin/state_machine)
==116395==    by 0x126413: init_state_on_update (in /home/vito/smartmower/src/state_machine/bin/state_machine)
==116395==    by 0x1221E7: state_machine_update (in /home/vito/smartmower/src/state_machine/bin/state_machine)
==116395==    by 0x121DC3: main (in /home/vito/smartmower/src/state_machine/bin/state_machine)
==116395== 
==116395== 88 bytes in 1 blocks are still reachable in loss record 47 of 85
==116395==    at 0x4889F94: calloc (vg_replace_malloc.c:1328)
==116395==    by 0x48D59FB: mosquitto_publish_v5 (in /usr/lib/aarch64-linux-gnu/libmosquitto.so.2.0.11)
==116395==    by 0x12549F: publish_state_change (in /home/vito/smartmower/src/state_machine/bin/state_machine)
==116395==    by 0x122103: state_machine_transition (in /home/vito/smartmower/src/state_machine/bin/state_machine)
==116395==    by 0x12255F: state_machine_handle_event (in /home/vito/smartmower/src/state_machine/bin/state_machine)
==116395==    by 0x126413: init_state_on_update (in /home/vito/smartmower/src/state_machine/bin/state_machine)
==116395==    by 0x1221E7: state_machine_update (in /home/vito/smartmower/src/state_machine/bin/state_machine)
==116395==    by 0x121DC3: main (in /home/vito/smartmower/src/state_machine/bin/state_machine)
==116395== 
==116395== 88 bytes in 1 blocks are still reachable in loss record 48 of 85
==116395==    at 0x4889F94: calloc (vg_replace_malloc.c:1328)
==116395==    by 0x48D59FB: mosquitto_publish_v5 (in /usr/lib/aarch64-linux-gnu/libmosquitto.so.2.0.11)
==116395==    by 0x1259E3: send_robot_command (in /home/vito/smartmower/src/state_machine/bin/state_machine)
==116395==    by 0x12950F: error_state_on_enter.part.0 (in /home/vito/smartmower/src/state_machine/bin/state_machine)
==116395==    by 0x12212B: state_machine_transition (in /home/vito/smartmower/src/state_machine/bin/state_machine)
==116395==    by 0x12255F: state_machine_handle_event (in /home/vito/smartmower/src/state_machine/bin/state_machine)
==116395==    by 0x126413: init_state_on_update (in /home/vito/smartmower/src/state_machine/bin/state_machine)
==116395==    by 0x1221E7: state_machine_update (in /home/vito/smartmower/src/state_machine/bin/state_machine)
==116395==    by 0x121DC3: main (in /home/vito/smartmower/src/state_machine/bin/state_machine)
==116395== 
==116395== 88 bytes in 1 blocks are still reachable in loss record 49 of 85
==116395==    at 0x4889F94: calloc (vg_replace_malloc.c:1328)
==116395==    by 0x48D59FB: mosquitto_publish_v5 (in /usr/lib/aarch64-linux-gnu/libmosquitto.so.2.0.11)
==116395==    by 0x1259E3: send_robot_command (in /home/vito/smartmower/src/state_machine/bin/state_machine)
==116395==    by 0x12954F: error_state_on_enter.part.0 (in /home/vito/smartmower/src/state_machine/bin/state_machine)
==116395==    by 0x12212B: state_machine_transition (in /home/vito/smartmower/src/state_machine/bin/state_machine)
==116395==    by 0x12255F: state_machine_handle_event (in /home/vito/smartmower/src/state_machine/bin/state_machine)
==116395==    by 0x126413: init_state_on_update (in /home/vito/smartmower/src/state_machine/bin/state_machine)
==116395==    by 0x1221E7: state_machine_update (in /home/vito/smartmower/src/state_machine/bin/state_machine)
==116395==    by 0x121DC3: main (in /home/vito/smartmower/src/state_machine/bin/state_machine)
==116395== 
==116395== 88 bytes in 1 blocks are still reachable in loss record 50 of 85
==116395==    at 0x4889F94: calloc (vg_replace_malloc.c:1328)
==116395==    by 0x48D59FB: mosquitto_publish_v5 (in /usr/lib/aarch64-linux-gnu/libmosquitto.so.2.0.11)
==116395==    by 0x1259E3: send_robot_command (in /home/vito/smartmower/src/state_machine/bin/state_machine)
==116395==    by 0x12956B: error_state_on_enter.part.0 (in /home/vito/smartmower/src/state_machine/bin/state_machine)
==116395==    by 0x12212B: state_machine_transition (in /home/vito/smartmower/src/state_machine/bin/state_machine)
==116395==    by 0x12255F: state_machine_handle_event (in /home/vito/smartmower/src/state_machine/bin/state_machine)
==116395==    by 0x126413: init_state_on_update (in /home/vito/smartmower/src/state_machine/bin/state_machine)
==116395==    by 0x1221E7: state_machine_update (in /home/vito/smartmower/src/state_machine/bin/state_machine)
==116395==    by 0x121DC3: main (in /home/vito/smartmower/src/state_machine/bin/state_machine)
==116395== 
==116395== 88 bytes in 1 blocks are still reachable in loss record 51 of 85
==116395==    at 0x4889F94: calloc (vg_replace_malloc.c:1328)
==116395==    by 0x48D59FB: mosquitto_publish_v5 (in /usr/lib/aarch64-linux-gnu/libmosquitto.so.2.0.11)
==116395==    by 0x12549F: publish_state_change (in /home/vito/smartmower/src/state_machine/bin/state_machine)
==116395==    by 0x1295E3: error_state_on_enter.part.0 (in /home/vito/smartmower/src/state_machine/bin/state_machine)
==116395==    by 0x12212B: state_machine_transition (in /home/vito/smartmower/src/state_machine/bin/state_machine)
==116395==    by 0x12255F: state_machine_handle_event (in /home/vito/smartmower/src/state_machine/bin/state_machine)
==116395==    by 0x126413: init_state_on_update (in /home/vito/smartmower/src/state_machine/bin/state_machine)
==116395==    by 0x1221E7: state_machine_update (in /home/vito/smartmower/src/state_machine/bin/state_machine)
==116395==    by 0x121DC3: main (in /home/vito/smartmower/src/state_machine/bin/state_machine)
==116395== 
==116395== 88 bytes in 1 blocks are still reachable in loss record 52 of 85
==116395==    at 0x4889F94: calloc (vg_replace_malloc.c:1328)
==116395==    by 0x48D59FB: mosquitto_publish_v5 (in /usr/lib/aarch64-linux-gnu/libmosquitto.so.2.0.11)
==116395==    by 0x12549F: publish_state_change (in /home/vito/smartmower/src/state_machine/bin/state_machine)
==116395==    by 0x12255F: state_machine_handle_event (in /home/vito/smartmower/src/state_machine/bin/state_machine)
==116395==    by 0x126413: init_state_on_update (in /home/vito/smartmower/src/state_machine/bin/state_machine)
==116395==    by 0x1221E7: state_machine_update (in /home/vito/smartmower/src/state_machine/bin/state_machine)
==116395==    by 0x121DC3: main (in /home/vito/smartmower/src/state_machine/bin/state_machine)
==116395== 
==116395== 88 bytes in 1 blocks are still reachable in loss record 53 of 85
==116395==    at 0x4889F94: calloc (vg_replace_malloc.c:1328)
==116395==    by 0x48D59FB: mosquitto_publish_v5 (in /usr/lib/aarch64-linux-gnu/libmosquitto.so.2.0.11)
==116395==    by 0x1259E3: send_robot_command (in /home/vito/smartmower/src/state_machine/bin/state_machine)
==116395==    by 0x129977: error_state_on_update.part.0 (in /home/vito/smartmower/src/state_machine/bin/state_machine)
==116395==    by 0x1221E7: state_machine_update (in /home/vito/smartmower/src/state_machine/bin/state_machine)
==116395==    by 0x121DC3: main (in /home/vito/smartmower/src/state_machine/bin/state_machine)
==116395== 
==116395== 96 bytes in 1 blocks are still reachable in loss record 54 of 85
==116395==    at 0x48850C8: malloc (vg_replace_malloc.c:381)
==116395==    by 0x4A84C8B: __libc_alloc_buffer_allocate (alloc_buffer_allocate.c:26)
==116395==    by 0x4B0350F: alloc_buffer_allocate (alloc_buffer.h:143)
==116395==    by 0x4B0350F: __resolv_conf_allocate (resolv_conf.c:391)
==116395==    by 0x4AFEE4B: __resolv_conf_load (res_init.c:599)
==116395==    by 0x4B0316B: __resolv_conf_get_current (resolv_conf.c:140)
==116395==    by 0x4AFF69B: __res_vinit (res_init.c:628)
==116395==    by 0x4B03E1B: maybe_init (resolv_context.c:122)
==116395==    by 0x4B03FAF: context_get (resolv_context.c:184)
==116395==    by 0x4B03FAF: context_get (resolv_context.c:176)
==116395==    by 0x4B03FAF: __resolv_context_get (resolv_context.c:195)
==116395==    by 0x4AC67A7: get_nss_addresses (getaddrinfo.c:617)
==116395==    by 0x4AC67A7: gaih_inet (getaddrinfo.c:1179)
==116395==    by 0x4AC67A7: getaddrinfo (getaddrinfo.c:2398)
==116395==    by 0x48DB8FF: ??? (in /usr/lib/aarch64-linux-gnu/libmosquitto.so.2.0.11)
==116395==    by 0x48DBB73: ??? (in /usr/lib/aarch64-linux-gnu/libmosquitto.so.2.0.11)
==116395==    by 0x48D675F: ??? (in /usr/lib/aarch64-linux-gnu/libmosquitto.so.2.0.11)
==116395== 
==116395== 126 bytes in 1 blocks are still reachable in loss record 55 of 85
==116395==    at 0x48850C8: malloc (vg_replace_malloc.c:381)
==116395==    by 0x48D5AF3: mosquitto_publish_v5 (in /usr/lib/aarch64-linux-gnu/libmosquitto.so.2.0.11)
==116395==    by 0x12549F: publish_state_change (in /home/vito/smartmower/src/state_machine/bin/state_machine)
==116395==    by 0x12255F: state_machine_handle_event (in /home/vito/smartmower/src/state_machine/bin/state_machine)
==116395==    by 0x126413: init_state_on_update (in /home/vito/smartmower/src/state_machine/bin/state_machine)
==116395==    by 0x1221E7: state_machine_update (in /home/vito/smartmower/src/state_machine/bin/state_machine)
==116395==    by 0x121DC3: main (in /home/vito/smartmower/src/state_machine/bin/state_machine)
==116395== 
==116395== 132 bytes in 1 blocks are still reachable in loss record 56 of 85
==116395==    at 0x48850C8: malloc (vg_replace_malloc.c:381)
==116395==    by 0x48D5AF3: mosquitto_publish_v5 (in /usr/lib/aarch64-linux-gnu/libmosquitto.so.2.0.11)
==116395==    by 0x1259E3: send_robot_command (in /home/vito/smartmower/src/state_machine/bin/state_machine)
==116395==    by 0x12631B: init_state_on_enter (in /home/vito/smartmower/src/state_machine/bin/state_machine)
==116395==    by 0x121D93: main (in /home/vito/smartmower/src/state_machine/bin/state_machine)
==116395== 
==116395== 133 bytes in 1 blocks are still reachable in loss record 57 of 85
==116395==    at 0x48850C8: malloc (vg_replace_malloc.c:381)
==116395==    by 0x48D5AF3: mosquitto_publish_v5 (in /usr/lib/aarch64-linux-gnu/libmosquitto.so.2.0.11)
==116395==    by 0x1259E3: send_robot_command (in /home/vito/smartmower/src/state_machine/bin/state_machine)
==116395==    by 0x12950F: error_state_on_enter.part.0 (in /home/vito/smartmower/src/state_machine/bin/state_machine)
==116395==    by 0x12212B: state_machine_transition (in /home/vito/smartmower/src/state_machine/bin/state_machine)
==116395==    by 0x12255F: state_machine_handle_event (in /home/vito/smartmower/src/state_machine/bin/state_machine)
==116395==    by 0x126413: init_state_on_update (in /home/vito/smartmower/src/state_machine/bin/state_machine)
==116395==    by 0x1221E7: state_machine_update (in /home/vito/smartmower/src/state_machine/bin/state_machine)
==116395==    by 0x121DC3: main (in /home/vito/smartmower/src/state_machine/bin/state_machine)
==116395== 
==116395== 134 bytes in 1 blocks are still reachable in loss record 58 of 85
==116395==    at 0x48850C8: malloc (vg_replace_malloc.c:381)
==116395==    by 0x48D5AF3: mosquitto_publish_v5 (in /usr/lib/aarch64-linux-gnu/libmosquitto.so.2.0.11)
==116395==    by 0x12549F: publish_state_change (in /home/vito/smartmower/src/state_machine/bin/state_machine)
==116395==    by 0x121D93: main (in /home/vito/smartmower/src/state_machine/bin/state_machine)
==116395== 
==116395== 135 bytes in 1 blocks are still reachable in loss record 59 of 85
==116395==    at 0x48850C8: malloc (vg_replace_malloc.c:381)
==116395==    by 0x48D5AF3: mosquitto_publish_v5 (in /usr/lib/aarch64-linux-gnu/libmosquitto.so.2.0.11)
==116395==    by 0x1259E3: send_robot_command (in /home/vito/smartmower/src/state_machine/bin/state_machine)
==116395==    by 0x12956B: error_state_on_enter.part.0 (in /home/vito/smartmower/src/state_machine/bin/state_machine)
==116395==    by 0x12212B: state_machine_transition (in /home/vito/smartmower/src/state_machine/bin/state_machine)
==116395==    by 0x12255F: state_machine_handle_event (in /home/vito/smartmower/src/state_machine/bin/state_machine)
==116395==    by 0x126413: init_state_on_update (in /home/vito/smartmower/src/state_machine/bin/state_machine)
==116395==    by 0x1221E7: state_machine_update (in /home/vito/smartmower/src/state_machine/bin/state_machine)
==116395==    by 0x121DC3: main (in /home/vito/smartmower/src/state_machine/bin/state_machine)
==116395== 
==116395== 138 bytes in 1 blocks are still reachable in loss record 60 of 85
==116395==    at 0x48850C8: malloc (vg_replace_malloc.c:381)
==116395==    by 0x48D5AF3: mosquitto_publish_v5 (in /usr/lib/aarch64-linux-gnu/libmosquitto.so.2.0.11)
==116395==    by 0x1259E3: send_robot_command (in /home/vito/smartmower/src/state_machine/bin/state_machine)
==116395==    by 0x12954F: error_state_on_enter.part.0 (in /home/vito/smartmower/src/state_machine/bin/state_machine)
==116395==    by 0x12212B: state_machine_transition (in /home/vito/smartmower/src/state_machine/bin/state_machine)
==116395==    by 0x12255F: state_machine_handle_event (in /home/vito/smartmower/src/state_machine/bin/state_machine)
==116395==    by 0x126413: init_state_on_update (in /home/vito/smartmower/src/state_machine/bin/state_machine)
==116395==    by 0x1221E7: state_machine_update (in /home/vito/smartmower/src/state_machine/bin/state_machine)
==116395==    by 0x121DC3: main (in /home/vito/smartmower/src/state_machine/bin/state_machine)
==116395== 
==116395== 140 bytes in 1 blocks are still reachable in loss record 61 of 85
==116395==    at 0x48850C8: malloc (vg_replace_malloc.c:381)
==116395==    by 0x48D5AF3: mosquitto_publish_v5 (in /usr/lib/aarch64-linux-gnu/libmosquitto.so.2.0.11)
==116395==    by 0x12549F: publish_state_change (in /home/vito/smartmower/src/state_machine/bin/state_machine)
==116395==    by 0x122103: state_machine_transition (in /home/vito/smartmower/src/state_machine/bin/state_machine)
==116395==    by 0x12255F: state_machine_handle_event (in /home/vito/smartmower/src/state_machine/bin/state_machine)
==116395==    by 0x126413: init_state_on_update (in /home/vito/smartmower/src/state_machine/bin/state_machine)
==116395==    by 0x1221E7: state_machine_update (in /home/vito/smartmower/src/state_machine/bin/state_machine)
==116395==    by 0x121DC3: main (in /home/vito/smartmower/src/state_machine/bin/state_machine)
==116395== 
==116395== 142 bytes in 1 blocks are still reachable in loss record 62 of 85
==116395==    at 0x48850C8: malloc (vg_replace_malloc.c:381)
==116395==    by 0x48D5AF3: mosquitto_publish_v5 (in /usr/lib/aarch64-linux-gnu/libmosquitto.so.2.0.11)
==116395==    by 0x1259E3: send_robot_command (in /home/vito/smartmower/src/state_machine/bin/state_machine)
==116395==    by 0x129977: error_state_on_update.part.0 (in /home/vito/smartmower/src/state_machine/bin/state_machine)
==116395==    by 0x1221E7: state_machine_update (in /home/vito/smartmower/src/state_machine/bin/state_machine)
==116395==    by 0x121DC3: main (in /home/vito/smartmower/src/state_machine/bin/state_machine)
==116395== 
==116395== 146 bytes in 1 blocks are still reachable in loss record 63 of 85
==116395==    at 0x48850C8: malloc (vg_replace_malloc.c:381)
==116395==    by 0x48D5AF3: mosquitto_publish_v5 (in /usr/lib/aarch64-linux-gnu/libmosquitto.so.2.0.11)
==116395==    by 0x1257FF: publish_state_event (in /home/vito/smartmower/src/state_machine/bin/state_machine)
==116395==    by 0x1224FF: state_machine_handle_event (in /home/vito/smartmower/src/state_machine/bin/state_machine)
==116395==    by 0x126413: init_state_on_update (in /home/vito/smartmower/src/state_machine/bin/state_machine)
==116395==    by 0x1221E7: state_machine_update (in /home/vito/smartmower/src/state_machine/bin/state_machine)
==116395==    by 0x121DC3: main (in /home/vito/smartmower/src/state_machine/bin/state_machine)
==116395== 
==116395== 155 bytes in 1 blocks are still reachable in loss record 64 of 85
==116395==    at 0x48850C8: malloc (vg_replace_malloc.c:381)
==116395==    by 0x48D5AF3: mosquitto_publish_v5 (in /usr/lib/aarch64-linux-gnu/libmosquitto.so.2.0.11)
==116395==    by 0x12549F: publish_state_change (in /home/vito/smartmower/src/state_machine/bin/state_machine)
==116395==    by 0x1295E3: error_state_on_enter.part.0 (in /home/vito/smartmower/src/state_machine/bin/state_machine)
==116395==    by 0x12212B: state_machine_transition (in /home/vito/smartmower/src/state_machine/bin/state_machine)
==116395==    by 0x12255F: state_machine_handle_event (in /home/vito/smartmower/src/state_machine/bin/state_machine)
==116395==    by 0x126413: init_state_on_update (in /home/vito/smartmower/src/state_machine/bin/state_machine)
==116395==    by 0x1221E7: state_machine_update (in /home/vito/smartmower/src/state_machine/bin/state_machine)
==116395==    by 0x121DC3: main (in /home/vito/smartmower/src/state_machine/bin/state_machine)
==116395== 
==116395== 161 bytes in 1 blocks are still reachable in loss record 65 of 85
==116395==    at 0x48850C8: malloc (vg_replace_malloc.c:381)
==116395==    by 0x48D5AF3: mosquitto_publish_v5 (in /usr/lib/aarch64-linux-gnu/libmosquitto.so.2.0.11)
==116395==    by 0x12549F: publish_state_change (in /home/vito/smartmower/src/state_machine/bin/state_machine)
==116395==    by 0x12608F: init_state_on_event (in /home/vito/smartmower/src/state_machine/bin/state_machine)
==116395==    by 0x12255F: state_machine_handle_event (in /home/vito/smartmower/src/state_machine/bin/state_machine)
==116395==    by 0x126413: init_state_on_update (in /home/vito/smartmower/src/state_machine/bin/state_machine)
==116395==    by 0x1221E7: state_machine_update (in /home/vito/smartmower/src/state_machine/bin/state_machine)
==116395==    by 0x121DC3: main (in /home/vito/smartmower/src/state_machine/bin/state_machine)
==116395== 
==116395== 185 bytes in 1 blocks are still reachable in loss record 66 of 85
==116395==    at 0x48850C8: malloc (vg_replace_malloc.c:381)
==116395==    by 0x48D5AF3: mosquitto_publish_v5 (in /usr/lib/aarch64-linux-gnu/libmosquitto.so.2.0.11)
==116395==    by 0x1257FF: publish_state_event (in /home/vito/smartmower/src/state_machine/bin/state_machine)
==116395==    by 0x12603B: init_state_on_event (in /home/vito/smartmower/src/state_machine/bin/state_machine)
==116395==    by 0x12255F: state_machine_handle_event (in /home/vito/smartmower/src/state_machine/bin/state_machine)
==116395==    by 0x126413: init_state_on_update (in /home/vito/smartmower/src/state_machine/bin/state_machine)
==116395==    by 0x1221E7: state_machine_update (in /home/vito/smartmower/src/state_machine/bin/state_machine)
==116395==    by 0x121DC3: main (in /home/vito/smartmower/src/state_machine/bin/state_machine)
==116395== 
==116395== 185 bytes in 1 blocks are still reachable in loss record 67 of 85
==116395==    at 0x48850C8: malloc (vg_replace_malloc.c:381)
==116395==    by 0x48D5AF3: mosquitto_publish_v5 (in /usr/lib/aarch64-linux-gnu/libmosquitto.so.2.0.11)
==116395==    by 0x12566B: publish_state_transition (in /home/vito/smartmower/src/state_machine/bin/state_machine)
==116395==    by 0x1220EB: state_machine_transition (in /home/vito/smartmower/src/state_machine/bin/state_machine)
==116395==    by 0x12255F: state_machine_handle_event (in /home/vito/smartmower/src/state_machine/bin/state_machine)
==116395==    by 0x126413: init_state_on_update (in /home/vito/smartmower/src/state_machine/bin/state_machine)
==116395==    by 0x1221E7: state_machine_update (in /home/vito/smartmower/src/state_machine/bin/state_machine)
==116395==    by 0x121DC3: main (in /home/vito/smartmower/src/state_machine/bin/state_machine)
==116395== 
==116395== 216 bytes in 1 blocks are still reachable in loss record 68 of 85
==116395==    at 0x48850C8: malloc (vg_replace_malloc.c:381)
==116395==    by 0x4B0827F: global_state_allocate (nss_database.c:54)
==116395==    by 0x4ADB9E3: __libc_allocate_once_slow (allocate_once.c:28)
==116395==    by 0x4B08A7F: allocate_once (allocate_once.h:87)
==116395==    by 0x4B08A7F: nss_database_state_get (nss_database.c:73)
==116395==    by 0x4B08A7F: __nss_database_get (nss_database.c:480)
==116395==    by 0x4AC6797: get_nss_addresses (getaddrinfo.c:611)
==116395==    by 0x4AC6797: gaih_inet (getaddrinfo.c:1179)
==116395==    by 0x4AC6797: getaddrinfo (getaddrinfo.c:2398)
==116395==    by 0x48DB8FF: ??? (in /usr/lib/aarch64-linux-gnu/libmosquitto.so.2.0.11)
==116395==    by 0x48DBB73: ??? (in /usr/lib/aarch64-linux-gnu/libmosquitto.so.2.0.11)
==116395==    by 0x48D675F: ??? (in /usr/lib/aarch64-linux-gnu/libmosquitto.so.2.0.11)
==116395==    by 0x1234F7: init_mqtt_connection (in /home/vito/smartmower/src/state_machine/bin/state_machine)
==116395==    by 0x121D73: main (in /home/vito/smartmower/src/state_machine/bin/state_machine)
==116395== 
==116395== 240 bytes in 4 blocks are still reachable in loss record 69 of 85
==116395==    at 0x48850C8: malloc (vg_replace_malloc.c:381)
==116395==    by 0x4B07AE3: __nss_action_allocate (nss_action.c:90)
==116395==    by 0x4B0804F: __nss_action_parse (nss_action_parse.c:177)
==116395==    by 0x4B08523: process_line (nss_database.c:232)
==116395==    by 0x4B08523: nss_database_reload_1 (nss_database.c:294)
==116395==    by 0x4B08523: nss_database_reload (nss_database.c:332)
==116395==    by 0x4B08523: nss_database_check_reload_and_get (nss_database.c:457)
==116395==    by 0x4AC6797: get_nss_addresses (getaddrinfo.c:611)
==116395==    by 0x4AC6797: gaih_inet (getaddrinfo.c:1179)
==116395==    by 0x4AC6797: getaddrinfo (getaddrinfo.c:2398)
==116395==    by 0x48DB8FF: ??? (in /usr/lib/aarch64-linux-gnu/libmosquitto.so.2.0.11)
==116395==    by 0x48DBB73: ??? (in /usr/lib/aarch64-linux-gnu/libmosquitto.so.2.0.11)
==116395==    by 0x48D675F: ??? (in /usr/lib/aarch64-linux-gnu/libmosquitto.so.2.0.11)
==116395==    by 0x1234F7: init_mqtt_connection (in /home/vito/smartmower/src/state_machine/bin/state_machine)
==116395==    by 0x121D73: main (in /home/vito/smartmower/src/state_machine/bin/state_machine)
==116395== 
==116395== 256 bytes in 1 blocks are still reachable in loss record 70 of 85
==116395==    at 0x488A1C4: realloc (vg_replace_malloc.c:1437)
==116395==    by 0x491BCF3: ??? (in /usr/lib/aarch64-linux-gnu/libjson-c.so.5.2.0)
==116395==    by 0x491BDDB: printbuf_memappend (in /usr/lib/aarch64-linux-gnu/libjson-c.so.5.2.0)
==116395==    by 0x4915C37: ??? (in /usr/lib/aarch64-linux-gnu/libjson-c.so.5.2.0)
==116395==    by 0x491622F: ??? (in /usr/lib/aarch64-linux-gnu/libjson-c.so.5.2.0)
==116395==    by 0x4915FEF: json_object_to_json_string_length (in /usr/lib/aarch64-linux-gnu/libjson-c.so.5.2.0)
==116395==    by 0x1257AB: publish_state_event (in /home/vito/smartmower/src/state_machine/bin/state_machine)
==116395==    by 0x1224FF: state_machine_handle_event (in /home/vito/smartmower/src/state_machine/bin/state_machine)
==116395==    by 0x12974B: error_state_on_update.part.0 (in /home/vito/smartmower/src/state_machine/bin/state_machine)
==116395==    by 0x1221E7: state_machine_update (in /home/vito/smartmower/src/state_machine/bin/state_machine)
==116395==    by 0x121DC3: main (in /home/vito/smartmower/src/state_machine/bin/state_machine)
==116395== 
==116395== 288 bytes in 1 blocks are possibly lost in loss record 71 of 85
==116395==    at 0x4889F94: calloc (vg_replace_malloc.c:1328)
==116395==    by 0x400F3F3: calloc (rtld-malloc.h:44)
==116395==    by 0x400F3F3: allocate_dtv (dl-tls.c:406)
==116395==    by 0x400FE9F: _dl_allocate_tls (dl-tls.c:675)
==116395==    by 0x4A72A23: allocate_stack (allocatestack.c:423)
==116395==    by 0x4A72A23: pthread_create@@GLIBC_2.34 (pthread_create.c:650)
==116395==    by 0x48E13C3: mosquitto_loop_start (in /usr/lib/aarch64-linux-gnu/libmosquitto.so.2.0.11)
==116395==    by 0x1236D7: init_mqtt_connection (in /home/vito/smartmower/src/state_machine/bin/state_machine)
==116395==    by 0x121D73: main (in /home/vito/smartmower/src/state_machine/bin/state_machine)
==116395== 
==116395== 544 bytes in 1 blocks are still reachable in loss record 72 of 85
==116395==    at 0x48850C8: malloc (vg_replace_malloc.c:381)
==116395==    by 0x4B0763F: __nss_module_allocate (nss_module.c:88)
==116395==    by 0x4B07D6B: nss_action_parse (nss_action_parse.c:57)
==116395==    by 0x4B07D6B: __nss_action_parse (nss_action_parse.c:169)
==116395==    by 0x4B086D7: nss_database_select_default (nss_database.c:166)
==116395==    by 0x4B086D7: nss_database_reload (nss_database.c:368)
==116395==    by 0x4B086D7: nss_database_check_reload_and_get (nss_database.c:457)
==116395==    by 0x4AC6797: get_nss_addresses (getaddrinfo.c:611)
==116395==    by 0x4AC6797: gaih_inet (getaddrinfo.c:1179)
==116395==    by 0x4AC6797: getaddrinfo (getaddrinfo.c:2398)
==116395==    by 0x48DB8FF: ??? (in /usr/lib/aarch64-linux-gnu/libmosquitto.so.2.0.11)
==116395==    by 0x48DBB73: ??? (in /usr/lib/aarch64-linux-gnu/libmosquitto.so.2.0.11)
==116395==    by 0x48D675F: ??? (in /usr/lib/aarch64-linux-gnu/libmosquitto.so.2.0.11)
==116395==    by 0x1234F7: init_mqtt_connection (in /home/vito/smartmower/src/state_machine/bin/state_machine)
==116395==    by 0x121D73: main (in /home/vito/smartmower/src/state_machine/bin/state_machine)
==116395== 
==116395== 584 bytes in 1 blocks are still reachable in loss record 73 of 85
==116395==    at 0x4889F94: calloc (vg_replace_malloc.c:1328)
==116395==    by 0x1239A3: config_load (in /home/vito/smartmower/src/state_machine/bin/state_machine)
==116395==    by 0x121D07: main (in /home/vito/smartmower/src/state_machine/bin/state_machine)
==116395== 
==116395== 640 bytes in 1 blocks are still reachable in loss record 74 of 85
==116395==    at 0x4889F94: calloc (vg_replace_malloc.c:1328)
==116395==    by 0x491B6CF: lh_table_new (in /usr/lib/aarch64-linux-gnu/libjson-c.so.5.2.0)
==116395==    by 0x49160BB: json_object_new_object (in /usr/lib/aarch64-linux-gnu/libjson-c.so.5.2.0)
==116395==    by 0x1256E7: publish_state_event (in /home/vito/smartmower/src/state_machine/bin/state_machine)
==116395==    by 0x1224FF: state_machine_handle_event (in /home/vito/smartmower/src/state_machine/bin/state_machine)
==116395==    by 0x12974B: error_state_on_update.part.0 (in /home/vito/smartmower/src/state_machine/bin/state_machine)
==116395==    by 0x1221E7: state_machine_update (in /home/vito/smartmower/src/state_machine/bin/state_machine)
==116395==    by 0x121DC3: main (in /home/vito/smartmower/src/state_machine/bin/state_machine)
==116395== 
==116395== 1,024 bytes in 1 blocks are still reachable in loss record 75 of 85
==116395==    at 0x48850C8: malloc (vg_replace_malloc.c:381)
==116395==    by 0x4A5D1BB: _IO_file_doallocate (filedoalloc.c:101)
==116395==    by 0x4A6B9CF: _IO_doallocbuf (genops.c:347)
==116395==    by 0x4A6B9CF: _IO_doallocbuf (genops.c:342)
==116395==    by 0x4A6AD9B: _IO_file_overflow@@GLIBC_2.17 (fileops.c:744)
==116395==    by 0x4A69F27: _IO_new_file_xsputn (fileops.c:1243)
==116395==    by 0x4A69F27: _IO_file_xsputn@@GLIBC_2.17 (fileops.c:1196)
==116395==    by 0x4A5F7F7: puts (ioputs.c:40)
==116395==    by 0x121CEF: main (in /home/vito/smartmower/src/state_machine/bin/state_machine)
==116395== 
==116395== 1,056 bytes in 1 blocks are still reachable in loss record 76 of 85
==116395==    at 0x4889F94: calloc (vg_replace_malloc.c:1328)
==116395==    by 0x48DA3D7: mosquitto_new (in /usr/lib/aarch64-linux-gnu/libmosquitto.so.2.0.11)
==116395==    by 0x12347F: init_mqtt_connection (in /home/vito/smartmower/src/state_machine/bin/state_machine)
==116395==    by 0x121D73: main (in /home/vito/smartmower/src/state_machine/bin/state_machine)
==116395== 
==116395== 1,560 bytes in 1 blocks are still reachable in loss record 77 of 85
==116395==    at 0x4884FB8: malloc (vg_replace_malloc.c:380)
==116395==    by 0x4AF857B: make_request (check_pf.c:235)
==116395==    by 0x4AF857B: __check_pf (check_pf.c:341)
==116395==    by 0x4AC6D9F: getaddrinfo (getaddrinfo.c:2447)
==116395==    by 0x48DB8FF: ??? (in /usr/lib/aarch64-linux-gnu/libmosquitto.so.2.0.11)
==116395==    by 0x48DBB73: ??? (in /usr/lib/aarch64-linux-gnu/libmosquitto.so.2.0.11)
==116395==    by 0x48D675F: ??? (in /usr/lib/aarch64-linux-gnu/libmosquitto.so.2.0.11)
==116395==    by 0x12355B: init_mqtt_connection (in /home/vito/smartmower/src/state_machine/bin/state_machine)
==116395==    by 0x121D73: main (in /home/vito/smartmower/src/state_machine/bin/state_machine)
==116395== 
==116395== 1,638 bytes in 1 blocks are still reachable in loss record 78 of 85
==116395==    at 0x48850C8: malloc (vg_replace_malloc.c:381)
==116395==    by 0x4A9DD17: __tzfile_read (tzfile.c:279)
==116395==    by 0x4A9D64B: tzset_internal (tzset.c:405)
==116395==    by 0x4A9D8BB: __tz_convert (tzset.c:577)
==116395==    by 0x12516B: log_state_message.part.0 (in /home/vito/smartmower/src/state_machine/bin/state_machine)
==116395==    by 0x1262EF: init_state_on_enter (in /home/vito/smartmower/src/state_machine/bin/state_machine)
==116395==    by 0x121D93: main (in /home/vito/smartmower/src/state_machine/bin/state_machine)
==116395== 
==116395== 1,950 bytes in 78 blocks are still reachable in loss record 79 of 85
==116395==    at 0x48850C8: malloc (vg_replace_malloc.c:381)
==116395==    by 0x4A88B2F: strdup (strdup.c:42)
==116395==    by 0x48D5A27: mosquitto_publish_v5 (in /usr/lib/aarch64-linux-gnu/libmosquitto.so.2.0.11)
==116395==    by 0x12549F: publish_state_change (in /home/vito/smartmower/src/state_machine/bin/state_machine)
==116395==    by 0x122233: state_machine_update (in /home/vito/smartmower/src/state_machine/bin/state_machine)
==116395==    by 0x121DC3: main (in /home/vito/smartmower/src/state_machine/bin/state_machine)
==116395== 
==116395== 2,711 bytes in 5 blocks are still reachable in loss record 80 of 85
==116395==    at 0x48850C8: malloc (vg_replace_malloc.c:381)
==116395==    by 0x4B0763F: __nss_module_allocate (nss_module.c:88)
==116395==    by 0x4B07D6B: nss_action_parse (nss_action_parse.c:57)
==116395==    by 0x4B07D6B: __nss_action_parse (nss_action_parse.c:169)
==116395==    by 0x4B08523: process_line (nss_database.c:232)
==116395==    by 0x4B08523: nss_database_reload_1 (nss_database.c:294)
==116395==    by 0x4B08523: nss_database_reload (nss_database.c:332)
==116395==    by 0x4B08523: nss_database_check_reload_and_get (nss_database.c:457)
==116395==    by 0x4AC6797: get_nss_addresses (getaddrinfo.c:611)
==116395==    by 0x4AC6797: gaih_inet (getaddrinfo.c:1179)
==116395==    by 0x4AC6797: getaddrinfo (getaddrinfo.c:2398)
==116395==    by 0x48DB8FF: ??? (in /usr/lib/aarch64-linux-gnu/libmosquitto.so.2.0.11)
==116395==    by 0x48DBB73: ??? (in /usr/lib/aarch64-linux-gnu/libmosquitto.so.2.0.11)
==116395==    by 0x48D675F: ??? (in /usr/lib/aarch64-linux-gnu/libmosquitto.so.2.0.11)
==116395==    by 0x1234F7: init_mqtt_connection (in /home/vito/smartmower/src/state_machine/bin/state_machine)
==116395==    by 0x121D73: main (in /home/vito/smartmower/src/state_machine/bin/state_machine)
==116395== 
==116395== 6,864 bytes in 78 blocks are still reachable in loss record 81 of 85
==116395==    at 0x4889F94: calloc (vg_replace_malloc.c:1328)
==116395==    by 0x48D59FB: mosquitto_publish_v5 (in /usr/lib/aarch64-linux-gnu/libmosquitto.so.2.0.11)
==116395==    by 0x12549F: publish_state_change (in /home/vito/smartmower/src/state_machine/bin/state_machine)
==116395==    by 0x122233: state_machine_update (in /home/vito/smartmower/src/state_machine/bin/state_machine)
==116395==    by 0x121DC3: main (in /home/vito/smartmower/src/state_machine/bin/state_machine)
==116395== 
==116395== 9,558 bytes in 78 blocks are still reachable in loss record 82 of 85
==116395==    at 0x48850C8: malloc (vg_replace_malloc.c:381)
==116395==    by 0x48D5AF3: mosquitto_publish_v5 (in /usr/lib/aarch64-linux-gnu/libmosquitto.so.2.0.11)
==116395==    by 0x12549F: publish_state_change (in /home/vito/smartmower/src/state_machine/bin/state_machine)
==116395==    by 0x122233: state_machine_update (in /home/vito/smartmower/src/state_machine/bin/state_machine)
==116395==    by 0x121DC3: main (in /home/vito/smartmower/src/state_machine/bin/state_machine)
==116395== 
==116395== 100,488 bytes in 4,187 blocks are still reachable in loss record 83 of 85
==116395==    at 0x48850C8: malloc (vg_replace_malloc.c:381)
==116395==    by 0x4A88B2F: strdup (strdup.c:42)
==116395==    by 0x48D5A27: mosquitto_publish_v5 (in /usr/lib/aarch64-linux-gnu/libmosquitto.so.2.0.11)
==116395==    by 0x1257FF: publish_state_event (in /home/vito/smartmower/src/state_machine/bin/state_machine)
==116395==    by 0x1224FF: state_machine_handle_event (in /home/vito/smartmower/src/state_machine/bin/state_machine)
==116395==    by 0x12974B: error_state_on_update.part.0 (in /home/vito/smartmower/src/state_machine/bin/state_machine)
==116395==    by 0x1221E7: state_machine_update (in /home/vito/smartmower/src/state_machine/bin/state_machine)
==116395==    by 0x121DC3: main (in /home/vito/smartmower/src/state_machine/bin/state_machine)
==116395== 
==116395== 368,456 bytes in 4,187 blocks are still reachable in loss record 84 of 85
==116395==    at 0x4889F94: calloc (vg_replace_malloc.c:1328)
==116395==    by 0x48D59FB: mosquitto_publish_v5 (in /usr/lib/aarch64-linux-gnu/libmosquitto.so.2.0.11)
==116395==    by 0x1257FF: publish_state_event (in /home/vito/smartmower/src/state_machine/bin/state_machine)
==116395==    by 0x1224FF: state_machine_handle_event (in /home/vito/smartmower/src/state_machine/bin/state_machine)
==116395==    by 0x12974B: error_state_on_update.part.0 (in /home/vito/smartmower/src/state_machine/bin/state_machine)
==116395==    by 0x1221E7: state_machine_update (in /home/vito/smartmower/src/state_machine/bin/state_machine)
==116395==    by 0x121DC3: main (in /home/vito/smartmower/src/state_machine/bin/state_machine)
==116395== 
==116395== 619,676 bytes in 4,187 blocks are still reachable in loss record 85 of 85
==116395==    at 0x48850C8: malloc (vg_replace_malloc.c:381)
==116395==    by 0x48D5AF3: mosquitto_publish_v5 (in /usr/lib/aarch64-linux-gnu/libmosquitto.so.2.0.11)
==116395==    by 0x1257FF: publish_state_event (in /home/vito/smartmower/src/state_machine/bin/state_machine)
==116395==    by 0x1224FF: state_machine_handle_event (in /home/vito/smartmower/src/state_machine/bin/state_machine)
==116395==    by 0x12974B: error_state_on_update.part.0 (in /home/vito/smartmower/src/state_machine/bin/state_machine)
==116395==    by 0x1221E7: state_machine_update (in /home/vito/smartmower/src/state_machine/bin/state_machine)
==116395==    by 0x121DC3: main (in /home/vito/smartmower/src/state_machine/bin/state_machine)
==116395== 
==116395== LEAK SUMMARY:
==116395==    definitely lost: 0 bytes in 0 blocks
==116395==    indirectly lost: 0 bytes in 0 blocks
==116395==      possibly lost: 288 bytes in 1 blocks
==116395==    still reachable: 1,121,791 bytes in 12,882 blocks
==116395==         suppressed: 0 bytes in 0 blocks
==116395== 
==116395== For lists of detected and suppressed errors, rerun with: -s
==116395== ERROR SUMMARY: 1 errors from 1 contexts (suppressed: 0 from 0)
